<?xml version="1.0" encoding="UTF-8"?>
<!-- Generated by org.testng.reporters.JUnitReportReporter -->
<testsuite hostname="KBANU3" name="testScripts.Scenario_Login" tests="1" failures="0" timestamp="25 Feb 2017 16:22:27 GMT" time="15.471" errors="0">
  <testcase name="ValidLogin" time="15.471" classname="testScripts.Scenario_Login"/>
</testsuite> <!-- testScripts.Scenario_Login -->
