<?xml version="1.0" encoding="UTF-8"?>
<!-- Generated by org.testng.reporters.JUnitReportReporter -->
<testsuite hostname="KBANU3" name="testScripts.Scenario_Login" tests="1" failures="0" timestamp="28 Feb 2017 06:39:40 GMT" time="18.271" errors="0">
  <testcase name="ValidLogin" time="18.271" classname="testScripts.Scenario_Login"/>
</testsuite> <!-- testScripts.Scenario_Login -->
